<?xml version="1.0" encoding="UTF-8"?>
<testng-results ignored="0" total="3" passed="3" failed="0" skipped="0">
  <reporter-output>
  </reporter-output>
  <suite started-at="2022-05-05T15:46:30 IST" name="Suite" finished-at="2022-05-05T15:46:57 IST" duration-ms="27280">
    <groups>
    </groups>
    <test started-at="2022-05-05T15:46:30 IST" name="Test" finished-at="2022-05-05T15:46:57 IST" duration-ms="27280">
      <class name="scripts.Tc1">
        <test-method is-config="true" signature="openApp()[pri:0, instance:scripts.Tc1@5119fb47]" started-at="2022-05-05T15:46:41 IST" name="openApp" finished-at="2022-05-05T15:46:43 IST" duration-ms="2118" status="PASS">
          <reporter-output>
          </reporter-output>
        </test-method> <!-- openApp -->
        <test-method signature="tc1()[pri:0, instance:scripts.Tc1@5119fb47]" started-at="2022-05-05T15:46:43 IST" name="tc1" finished-at="2022-05-05T15:46:50 IST" duration-ms="7391" status="PASS">
          <reporter-output>
          </reporter-output>
        </test-method> <!-- tc1 -->
        <test-method is-config="true" signature="closeApp(org.testng.ITestResult)[pri:0, instance:scripts.Tc1@5119fb47]" started-at="2022-05-05T15:46:50 IST" name="closeApp" finished-at="2022-05-05T15:46:50 IST" duration-ms="200" status="PASS">
          <params>
            <param index="0">
              <value>
                <![CDATA[[TestResult name=tc1 status=SUCCESS method=Tc1.tc1()[pri:0, instance:scripts.Tc1@5119fb47] output={null}]]]>
              </value>
            </param>
          </params>
          <reporter-output>
          </reporter-output>
        </test-method> <!-- closeApp -->
      </class> <!-- scripts.Tc1 -->
      <class name="scripts.Testcase2">
        <test-method is-config="true" signature="openApp()[pri:0, instance:scripts.Testcase2@6580cfdd]" started-at="2022-05-05T15:46:30 IST" name="openApp" finished-at="2022-05-05T15:46:35 IST" duration-ms="4359" status="PASS">
          <reporter-output>
          </reporter-output>
        </test-method> <!-- openApp -->
        <test-method signature="tc2()[pri:0, instance:scripts.Testcase2@6580cfdd]" started-at="2022-05-05T15:46:35 IST" name="tc2" finished-at="2022-05-05T15:46:40 IST" duration-ms="5736" status="PASS">
          <reporter-output>
          </reporter-output>
        </test-method> <!-- tc2 -->
        <test-method is-config="true" signature="closeApp(org.testng.ITestResult)[pri:0, instance:scripts.Testcase2@6580cfdd]" started-at="2022-05-05T15:46:40 IST" name="closeApp" finished-at="2022-05-05T15:46:41 IST" duration-ms="276" status="PASS">
          <params>
            <param index="0">
              <value>
                <![CDATA[[TestResult name=tc2 status=SUCCESS method=Testcase2.tc2()[pri:0, instance:scripts.Testcase2@6580cfdd] output={null}]]]>
              </value>
            </param>
          </params>
          <reporter-output>
          </reporter-output>
        </test-method> <!-- closeApp -->
      </class> <!-- scripts.Testcase2 -->
      <class name="scripts.TestCase3">
        <test-method is-config="true" signature="openApp()[pri:0, instance:scripts.TestCase3@7193666c]" started-at="2022-05-05T15:46:50 IST" name="openApp" finished-at="2022-05-05T15:46:52 IST" duration-ms="1847" status="PASS">
          <reporter-output>
          </reporter-output>
        </test-method> <!-- openApp -->
        <test-method signature="tc3()[pri:0, instance:scripts.TestCase3@7193666c]" started-at="2022-05-05T15:46:52 IST" name="tc3" finished-at="2022-05-05T15:46:57 IST" duration-ms="5095" status="PASS">
          <reporter-output>
          </reporter-output>
        </test-method> <!-- tc3 -->
        <test-method is-config="true" signature="closeApp(org.testng.ITestResult)[pri:0, instance:scripts.TestCase3@7193666c]" started-at="2022-05-05T15:46:57 IST" name="closeApp" finished-at="2022-05-05T15:46:57 IST" duration-ms="195" status="PASS">
          <params>
            <param index="0">
              <value>
                <![CDATA[[TestResult name=tc3 status=SUCCESS method=TestCase3.tc3()[pri:0, instance:scripts.TestCase3@7193666c] output={null}]]]>
              </value>
            </param>
          </params>
          <reporter-output>
          </reporter-output>
        </test-method> <!-- closeApp -->
      </class> <!-- scripts.TestCase3 -->
    </test> <!-- Test -->
  </suite> <!-- Suite -->
</testng-results>
